Arguments: 
  /usr/local/bin/node /usr/local/bin/yarn

PATH: 
  /usr/local/bin:/usr/bin:/bin:/usr/sbin:/sbin

Yarn version: 
  1.22.17

Node version: 
  14.13.1

Platform: 
  darwin x64

Trace: 
  SyntaxError: /Users/ylx/study/wheel-awesome/package.json: Unexpected token } in JSON at position 1491
      at JSON.parse (<anonymous>)
      at /usr/local/lib/node_modules/yarn/lib/cli.js:1625:59
      at Generator.next (<anonymous>)
      at step (/usr/local/lib/node_modules/yarn/lib/cli.js:310:30)
      at /usr/local/lib/node_modules/yarn/lib/cli.js:321:13

npm manifest: 
  {
    "name": "wheel-awesome",
    "version": "1.0.0",
    "description": "Handwritten code",
    "main": "index.js",
    "scripts": {
      "test": "jest",
      "watch": "jest --watchAll",
      "coverage": "jest --coverage"
    },
    "lint-staged": {
      "src/**/*.ts": [
        "prettier --write"
      ]
    },
    "repository": {
      "type": "git",
      "url": "git+https://github.com/Yelingxiao/wheel-awesome.git"
    },
    "keywords": [],
    "author": "",
    "license": "ISC",
    "bugs": {
      "url": "https://github.com/Yelingxiao/wheel-awesome/issues"
    },
    "homepage": "https://github.com/Yelingxiao/wheel-awesome#readme",
    "devDependencies": {
      "@rollup/plugin-alias": "^3.1.1",
      "@rollup/plugin-commonjs": "^14.0.0",
      "@rollup/plugin-html": "^0.2.0",
      "@rollup/plugin-json": "^4.1.0",
      "@rollup/plugin-node-resolve": "^8.4.0",
      "@rollup/plugin-typescript": "^4.1.2",
      "@types/node-fetch": "^2.5.7",
      "@typescript-eslint/eslint-plugin": "^3.6.1",
      "@typescript-eslint/parser": "^3.6.1",
      "cross-env": "^7.0.2",
      "cz-conventional-changelog": "^3.2.0",
      "eslint": "^7.4.0",
      "eslint-plugin-html": "^6.0.2",
      "express": "^4.17.1",
      "husky": "^4.2.5",
      "lint-staged": "^10.2.11",
      "prettier": "^2.0.5",
      "react": "^17.0.1",
      "react-dom": "^17.0.1",
      "rollup": "^2.21.0",
      "rollup-plugin-clear": "^2.0.7",
      "rollup-plugin-terser": "^6.1.0",
      "rollup-plugin-typescript2": "^0.27.1",
      "tsconfig-paths": "^3.9.0",
      "typescript": "^3.9.3"
    },
  }

yarn manifest: 
  No manifest

Lockfile: 
  No lockfile
